<?xml version="1.0" encoding="utf-8"?>

<!--suppress ALL -->
<root a="A" xmlns:x="x" xmlns:y="y" xmlns:z="z">
    <x:map b="B">
        <b>two</b>
        <y:list c="C">
            <z:item d="1">abc</z:item>
            <z:item d="2">d√©f</z:item>
            <z:item d="3">ghi</z:item>
        </y:list>
    </x:map>
</root>
