<?xml version="1.0" encoding="utf-8"?>

<root a="A" xmlns:x="x" xmlns:y="y">
    <x:map b="B">
        <b>two</b>
        <y:list c="C">
            <item d="1">abc</item>
            <item d="2">d√©f</item>
            <item d="3">ghi</item>
        </y:list>
    </x:map>
</root>
